<?xml version="1.0" encoding="UTF-8"?>
<testng-results skipped="0" failed="0" ignored="0" total="1" passed="1">
  <reporter-output>
  </reporter-output>
  <suite name="Surefire suite" duration-ms="579" started-at="2020-01-25T00:11:02 EST" finished-at="2020-01-25T00:11:02 EST">
    <groups>
    </groups>
    <test name="Surefire test" duration-ms="579" started-at="2020-01-25T00:11:02 EST" finished-at="2020-01-25T00:11:02 EST">
      <class name="practice.ExcelDemoTest">
        <test-method status="PASS" signature="maindata()[pri:0, instance:practice.ExcelDemoTest@50c87b21]" name="maindata" duration-ms="502" started-at="2020-01-25T00:11:02 EST" finished-at="2020-01-25T00:11:02 EST">
          <reporter-output>
          </reporter-output>
        </test-method> <!-- maindata -->
      </class> <!-- practice.ExcelDemoTest -->
    </test> <!-- Surefire test -->
  </suite> <!-- Surefire suite -->
</testng-results>
