<?xml version="1.0" encoding="UTF-8"?>
<testng-results skipped="0" failed="0" ignored="0" total="1" passed="1">
  <reporter-output>
  </reporter-output>
  <suite name="Suite" duration-ms="99" started-at="2020-01-27T22:11:28 EST" finished-at="2020-01-27T22:11:28 EST">
    <groups>
    </groups>
    <test name="Test" duration-ms="99" started-at="2020-01-27T22:11:28 EST" finished-at="2020-01-27T22:11:28 EST">
      <class name="practice.executionDemo">
        <test-method status="PASS" signature="doSomething(java.lang.String)[pri:0, instance:practice.executionDemo@cd2dae5]" name="doSomething" duration-ms="15" started-at="2020-01-27T22:11:28 EST" finished-at="2020-01-27T22:11:28 EST">
          <params>
            <param index="0">
              <value>
                <![CDATA[chrome]]>
              </value>
            </param>
          </params>
          <reporter-output>
          </reporter-output>
        </test-method> <!-- doSomething -->
      </class> <!-- practice.executionDemo -->
    </test> <!-- Test -->
  </suite> <!-- Suite -->
</testng-results>
